e:\my_id_17\nucleusgl_3\debug\vc141.pdb
e:\my_id_17\nucleusgl_3\debug\windows_interface.obj
e:\my_id_17\nucleusgl_3\debug\trans.obj
e:\my_id_17\nucleusgl_3\debug\source.obj
e:\my_id_17\nucleusgl_3\debug\mycode.obj
e:\my_id_17\nucleusgl_3\debug\glmain.obj
e:\my_id_17\nucleusgl_3\debug\nucleusgl.exe
e:\my_id_17\nucleusgl_3\debug\nucleusgl.ilk
e:\my_id_17\nucleusgl_3\debug\nucleusgl.pdb
e:\my_id_17\nucleusgl_3\debug\nucleus.res
c:\users\joe\git drive\graphics\nucleusgl_3\debug\glmain.obj
c:\users\joe\git drive\graphics\nucleusgl_3\debug\mycode.obj
c:\users\joe\git drive\graphics\nucleusgl_3\debug\source.obj
c:\users\joe\git drive\graphics\nucleusgl_3\debug\trans.obj
c:\users\joe\git drive\graphics\nucleusgl_3\debug\windows_interface.obj
c:\users\joe\git drive\graphics\nucleusgl_3\debug\nucleusgl.ilk
c:\users\joe\git drive\graphics\nucleusgl_3\debug\nucleus.res
c:\users\joe\git drive\graphics\nucleusgl_3\debug\nucleusgl.pdb
c:\users\joe\git drive\graphics\nucleusgl_3\debug\vc141.pdb
c:\users\joe\git drive\graphics\nucleusgl_3\debug\nucleusgl.exe
c:\users\joe\git drive\graphics\nucleusgl_3\debug\nucleusgl.tlog\cl.command.1.tlog
c:\users\joe\git drive\graphics\nucleusgl_3\debug\nucleusgl.tlog\cl.read.1.tlog
c:\users\joe\git drive\graphics\nucleusgl_3\debug\nucleusgl.tlog\cl.write.1.tlog
c:\users\joe\git drive\graphics\nucleusgl_3\debug\nucleusgl.tlog\link.command.1.tlog
c:\users\joe\git drive\graphics\nucleusgl_3\debug\nucleusgl.tlog\link.read.1.tlog
c:\users\joe\git drive\graphics\nucleusgl_3\debug\nucleusgl.tlog\link.write.1.tlog
c:\users\joe\git drive\graphics\nucleusgl_3\debug\nucleusgl.tlog\rc.command.1.tlog
c:\users\joe\git drive\graphics\nucleusgl_3\debug\nucleusgl.tlog\rc.read.1.tlog
c:\users\joe\git drive\graphics\nucleusgl_3\debug\nucleusgl.tlog\rc.write.1.tlog
